<?xml version="1.0" encoding="UTF-8"?>
<testsuites name="Listusers" time="8" tests="3" failures="0" errors="0">
   <testsuite name="Listusers" tests="3" failures="0" errors="0" time="8" timestamp="2019-01-22 15:49:29" hostname="nivedita - 192.168.0.105" id="Test Suites/Listusers">
      <properties>
         <property name="deviceName" value=""/>
         <property name="devicePlatform" value=""/>
         <property name="logFolder" value="/Users/nivedita/git/KatalonAPIDemo/KatalonAPIDemo/Reports/Listusers/20190122_154926"/>
         <property name="logFiles" value="/Users/nivedita/git/KatalonAPIDemo/KatalonAPIDemo/Reports/Listusers/20190122_154926/execution0.log"/>
         <property name="attachments" value=""/>
         <property name="hostName" value="nivedita - 192.168.0.105"/>
         <property name="hostAddress" value="192.168.0.105"/>
         <property name="os" value="Mac OS X 64bit"/>
         <property name="katalonVersion" value="5.10.1.1"/>
      </properties>
      <testcase name="Test Cases/ListUsers/ListUsers" classname="Test Cases/ListUsers/ListUsers" status="PASSED">
         <system-out><![CDATA[2019-01-22 15:49:30 - [TEST_CASE][PASSED] - Test Cases/ListUsers/ListUsers: Test Cases/ListUsers/ListUsers

2019-01-22 15:49:30 - [TEST_STEP][PASSED] - response = sendRequestAndVerify(findTestObject("User/LIST USERS")): Send request and verify the response successfully

2019-01-22 15:49:34 - [TEST_CASE][PASSED] - Start Test Case : Verification: Verification accomplished successfully

2019-01-22 15:49:35 - [TEST_STEP][PASSED] - request = getInstance().getCurrentRequest(): null

2019-01-22 15:49:35 - [TEST_STEP][PASSED] - response = getInstance().getCurrentResponse(): null

2019-01-22 15:49:35 - [MESSAGE][PASSED] - Verify response successfully

2019-01-22 15:49:35 - [MESSAGE][PASSED] - Send request and verify the response successfully

2019-01-22 15:49:35 - [TEST_STEP][PASSED] - verifyElementPropertyValue(response, firstNamePath, firstName): Verify element property value successfully

2019-01-22 15:49:35 - [MESSAGE][PASSED] - Verify element property value successfully

2019-01-22 15:49:35 - [TEST_STEP][PASSED] - verifyElementPropertyValue(response, lastnamePath, lastName): Verify element property value successfully

2019-01-22 15:49:35 - [MESSAGE][PASSED] - Verify element property value successfully

2019-01-22 15:49:35 - [TEST_STEP][PASSED] - verifyResponseStatusCode(response, 200): Verify response status code successfully

2019-01-22 15:49:35 - [MESSAGE][PASSED] - Verify response status code successfully

2019-01-22 15:49:35 - [TEST_STEP][PASSED] - val = response.getStatusCode(): null

2019-01-22 15:49:35 - [TEST_STEP][PASSED] - println("value of status code is : " + val): null]]></system-out>
         <system-err><![CDATA[]]></system-err>
      </testcase>
      <testcase name="Test Cases/ListUsers/ListUsers" classname="Test Cases/ListUsers/ListUsers" status="PASSED">
         <system-out><![CDATA[2019-01-22 15:49:35 - [TEST_CASE][PASSED] - Test Cases/ListUsers/ListUsers: Test Cases/ListUsers/ListUsers

2019-01-22 15:49:35 - [TEST_STEP][PASSED] - response = sendRequestAndVerify(findTestObject("User/LIST USERS")): Send request and verify the response successfully

2019-01-22 15:49:36 - [TEST_CASE][PASSED] - Start Test Case : Verification: Verification accomplished successfully

2019-01-22 15:49:36 - [TEST_STEP][PASSED] - request = getInstance().getCurrentRequest(): null

2019-01-22 15:49:36 - [TEST_STEP][PASSED] - response = getInstance().getCurrentResponse(): null

2019-01-22 15:49:36 - [MESSAGE][PASSED] - Verify response successfully

2019-01-22 15:49:36 - [MESSAGE][PASSED] - Send request and verify the response successfully

2019-01-22 15:49:36 - [TEST_STEP][PASSED] - verifyElementPropertyValue(response, firstNamePath, firstName): Verify element property value successfully

2019-01-22 15:49:36 - [MESSAGE][PASSED] - Verify element property value successfully

2019-01-22 15:49:36 - [TEST_STEP][PASSED] - verifyElementPropertyValue(response, lastnamePath, lastName): Verify element property value successfully

2019-01-22 15:49:36 - [MESSAGE][PASSED] - Verify element property value successfully

2019-01-22 15:49:36 - [TEST_STEP][PASSED] - verifyResponseStatusCode(response, 200): Verify response status code successfully

2019-01-22 15:49:36 - [MESSAGE][PASSED] - Verify response status code successfully

2019-01-22 15:49:36 - [TEST_STEP][PASSED] - val = response.getStatusCode(): null

2019-01-22 15:49:36 - [TEST_STEP][PASSED] - println("value of status code is : " + val): null]]></system-out>
         <system-err><![CDATA[]]></system-err>
      </testcase>
      <testcase name="Test Cases/ListUsers/ListUsers" classname="Test Cases/ListUsers/ListUsers" status="PASSED">
         <system-out><![CDATA[2019-01-22 15:49:36 - [TEST_CASE][PASSED] - Test Cases/ListUsers/ListUsers: Test Cases/ListUsers/ListUsers

2019-01-22 15:49:36 - [TEST_STEP][PASSED] - response = sendRequestAndVerify(findTestObject("User/LIST USERS")): Send request and verify the response successfully

2019-01-22 15:49:37 - [TEST_CASE][PASSED] - Start Test Case : Verification: Verification accomplished successfully

2019-01-22 15:49:37 - [TEST_STEP][PASSED] - request = getInstance().getCurrentRequest(): null

2019-01-22 15:49:37 - [TEST_STEP][PASSED] - response = getInstance().getCurrentResponse(): null

2019-01-22 15:49:37 - [MESSAGE][PASSED] - Verify response successfully

2019-01-22 15:49:37 - [MESSAGE][PASSED] - Send request and verify the response successfully

2019-01-22 15:49:37 - [TEST_STEP][PASSED] - verifyElementPropertyValue(response, firstNamePath, firstName): Verify element property value successfully

2019-01-22 15:49:37 - [MESSAGE][PASSED] - Verify element property value successfully

2019-01-22 15:49:37 - [TEST_STEP][PASSED] - verifyElementPropertyValue(response, lastnamePath, lastName): Verify element property value successfully

2019-01-22 15:49:37 - [MESSAGE][PASSED] - Verify element property value successfully

2019-01-22 15:49:37 - [TEST_STEP][PASSED] - verifyResponseStatusCode(response, 200): Verify response status code successfully

2019-01-22 15:49:37 - [MESSAGE][PASSED] - Verify response status code successfully

2019-01-22 15:49:37 - [TEST_STEP][PASSED] - val = response.getStatusCode(): null

2019-01-22 15:49:37 - [TEST_STEP][PASSED] - println("value of status code is : " + val): null]]></system-out>
         <system-err><![CDATA[]]></system-err>
      </testcase>
      <system-out><![CDATA[2019-01-22 15:49:29 - [TEST_SUITE][PASSED] - Listusers: Test Cases/ListUsers/ListUsers]]></system-out>
      <system-err><![CDATA[]]></system-err>
   </testsuite>
</testsuites>
