<?xml version="1.0" encoding="UTF-8"?>
<testsuites name="UserRegistration" time="6" tests="2" failures="0" errors="0">
   <testsuite name="UserRegistration" tests="2" failures="0" errors="0" time="6" timestamp="2019-01-18 11:37:35" hostname="nivedita - 192.168.0.103" id="Test Suites/UserRegistration">
      <properties>
         <property name="deviceName" value=""/>
         <property name="devicePlatform" value=""/>
         <property name="logFolder" value="/Users/nivedita/git/KatalonAPIDemo/KatalonAPIDemo/Reports/UserRegistration/20190118_113730"/>
         <property name="logFiles" value="/Users/nivedita/git/KatalonAPIDemo/KatalonAPIDemo/Reports/UserRegistration/20190118_113730/execution0.log"/>
         <property name="attachments" value=""/>
         <property name="hostName" value="nivedita - 192.168.0.103"/>
         <property name="hostAddress" value="192.168.0.103"/>
         <property name="os" value="Mac OS X 64bit"/>
         <property name="katalonVersion" value="5.10.1.1"/>
      </properties>
      <testcase name="Test Cases/UserRegistration/RegistrationFailure" classname="Test Cases/UserRegistration/RegistrationFailure" status="PASSED">
         <system-out><![CDATA[2019-01-18 11:37:36 - [TEST_CASE][PASSED] - Test Cases/UserRegistration/RegistrationFailure: Test Cases/UserRegistration/RegistrationFailure

2019-01-18 11:37:36 - [TEST_STEP][PASSED] - response = sendRequestAndVerify(findTestObject("UserRegistrationFailure")): Send request and verify the response successfully

2019-01-18 11:37:40 - [TEST_CASE][PASSED] - Start Test Case : Verification: Verification accomplished successfully

2019-01-18 11:37:40 - [TEST_STEP][PASSED] - request = getInstance().getCurrentRequest(): null

2019-01-18 11:37:40 - [TEST_STEP][PASSED] - response = getInstance().getCurrentResponse(): null

2019-01-18 11:37:40 - [MESSAGE][PASSED] - Verify response successfully

2019-01-18 11:37:40 - [MESSAGE][PASSED] - Send request and verify the response successfully

2019-01-18 11:37:40 - [TEST_STEP][PASSED] - verifyResponseStatusCode(response, 400): Verify response status code successfully

2019-01-18 11:37:40 - [MESSAGE][PASSED] - Verify response status code successfully]]></system-out>
         <system-err><![CDATA[]]></system-err>
      </testcase>
      <testcase name="Test Cases/UserRegistration/registrationSuccess" classname="Test Cases/UserRegistration/registrationSuccess" status="PASSED">
         <system-out><![CDATA[2019-01-18 11:37:40 - [TEST_CASE][PASSED] - Test Cases/UserRegistration/registrationSuccess: Test Cases/UserRegistration/registrationSuccess

2019-01-18 11:37:41 - [TEST_STEP][PASSED] - response = sendRequestAndVerify(findTestObject("UserRegistration")): Send request and verify the response successfully

2019-01-18 11:37:41 - [TEST_CASE][PASSED] - Start Test Case : Verification: Verification accomplished successfully

2019-01-18 11:37:41 - [TEST_STEP][PASSED] - request = getInstance().getCurrentRequest(): null

2019-01-18 11:37:41 - [TEST_STEP][PASSED] - response = getInstance().getCurrentResponse(): null

2019-01-18 11:37:41 - [MESSAGE][PASSED] - Verify response successfully

2019-01-18 11:37:41 - [MESSAGE][PASSED] - Send request and verify the response successfully

2019-01-18 11:37:41 - [TEST_STEP][PASSED] - verifyResponseStatusCode(response, 201): Verify response status code successfully

2019-01-18 11:37:41 - [MESSAGE][PASSED] - Verify response status code successfully]]></system-out>
         <system-err><![CDATA[]]></system-err>
      </testcase>
      <system-out><![CDATA[2019-01-18 11:37:35 - [TEST_SUITE][PASSED] - UserRegistration: Test Cases/UserRegistration/registrationSuccess]]></system-out>
      <system-err><![CDATA[]]></system-err>
   </testsuite>
</testsuites>
