<?xml version="1.0" encoding="UTF-8"?>
<testsuites name="Listusers" time="9" tests="3" failures="0" errors="0">
   <testsuite name="Listusers" tests="3" failures="0" errors="0" time="9" timestamp="2019-01-22 13:22:50" hostname="nivedita - 192.168.0.105" id="Test Suites/Listusers">
      <properties>
         <property name="deviceName" value=""/>
         <property name="devicePlatform" value=""/>
         <property name="logFolder" value="/Users/nivedita/git/KatalonAPIDemo/KatalonAPIDemo/Reports/Listusers/20190122_132247"/>
         <property name="logFiles" value="/Users/nivedita/git/KatalonAPIDemo/KatalonAPIDemo/Reports/Listusers/20190122_132247/execution0.log"/>
         <property name="attachments" value=""/>
         <property name="hostName" value="nivedita - 192.168.0.105"/>
         <property name="hostAddress" value="192.168.0.105"/>
         <property name="os" value="Mac OS X 64bit"/>
         <property name="katalonVersion" value="5.10.1.1"/>
      </properties>
      <testcase name="Test Cases/ListUsers/ListUsers" classname="Test Cases/ListUsers/ListUsers" status="PASSED">
         <system-out><![CDATA[2019-01-22 13:22:50 - [TEST_CASE][PASSED] - Test Cases/ListUsers/ListUsers: Test Cases/ListUsers/ListUsers

2019-01-22 13:22:51 - [TEST_STEP][PASSED] - response = sendRequestAndVerify(findTestObject("User/LIST USERS")): Send request and verify the response successfully

2019-01-22 13:22:55 - [TEST_CASE][PASSED] - Start Test Case : Verification: Verification accomplished successfully

2019-01-22 13:22:56 - [TEST_STEP][PASSED] - request = getInstance().getCurrentRequest(): null

2019-01-22 13:22:56 - [TEST_STEP][PASSED] - response = getInstance().getCurrentResponse(): null

2019-01-22 13:22:56 - [TEST_STEP][PASSED] - verifyElementPropertyValue(response, "data[1].first_name", "Charles"): Verify element property value successfully

2019-01-22 13:22:56 - [MESSAGE][PASSED] - Verify element property value successfully

2019-01-22 13:22:56 - [TEST_STEP][PASSED] - verifyElementPropertyValue(response, "page", 2): Verify element property value successfully

2019-01-22 13:22:56 - [MESSAGE][PASSED] - Verify element property value successfully

2019-01-22 13:22:56 - [MESSAGE][PASSED] - Verify response successfully

2019-01-22 13:22:56 - [MESSAGE][PASSED] - Send request and verify the response successfully

2019-01-22 13:22:56 - [TEST_STEP][PASSED] - verifyElementPropertyValue(response, firstNamePath, firstName): Verify element property value successfully

2019-01-22 13:22:56 - [MESSAGE][PASSED] - Verify element property value successfully

2019-01-22 13:22:56 - [TEST_STEP][PASSED] - verifyElementPropertyValue(response, lastnamePath, lastName): Verify element property value successfully

2019-01-22 13:22:56 - [MESSAGE][PASSED] - Verify element property value successfully]]></system-out>
         <system-err><![CDATA[]]></system-err>
      </testcase>
      <testcase name="Test Cases/ListUsers/ListUsers" classname="Test Cases/ListUsers/ListUsers" status="PASSED">
         <system-out><![CDATA[2019-01-22 13:22:56 - [TEST_CASE][PASSED] - Test Cases/ListUsers/ListUsers: Test Cases/ListUsers/ListUsers

2019-01-22 13:22:56 - [TEST_STEP][PASSED] - response = sendRequestAndVerify(findTestObject("User/LIST USERS")): Send request and verify the response successfully

2019-01-22 13:22:57 - [TEST_CASE][PASSED] - Start Test Case : Verification: Verification accomplished successfully

2019-01-22 13:22:57 - [TEST_STEP][PASSED] - request = getInstance().getCurrentRequest(): null

2019-01-22 13:22:58 - [TEST_STEP][PASSED] - response = getInstance().getCurrentResponse(): null

2019-01-22 13:22:58 - [TEST_STEP][PASSED] - verifyElementPropertyValue(response, "data[1].first_name", "Charles"): Verify element property value successfully

2019-01-22 13:22:58 - [MESSAGE][PASSED] - Verify element property value successfully

2019-01-22 13:22:58 - [TEST_STEP][PASSED] - verifyElementPropertyValue(response, "page", 2): Verify element property value successfully

2019-01-22 13:22:58 - [MESSAGE][PASSED] - Verify element property value successfully

2019-01-22 13:22:58 - [MESSAGE][PASSED] - Verify response successfully

2019-01-22 13:22:58 - [MESSAGE][PASSED] - Send request and verify the response successfully

2019-01-22 13:22:58 - [TEST_STEP][PASSED] - verifyElementPropertyValue(response, firstNamePath, firstName): Verify element property value successfully

2019-01-22 13:22:58 - [MESSAGE][PASSED] - Verify element property value successfully

2019-01-22 13:22:58 - [TEST_STEP][PASSED] - verifyElementPropertyValue(response, lastnamePath, lastName): Verify element property value successfully

2019-01-22 13:22:58 - [MESSAGE][PASSED] - Verify element property value successfully]]></system-out>
         <system-err><![CDATA[]]></system-err>
      </testcase>
      <testcase name="Test Cases/ListUsers/ListUsers" classname="Test Cases/ListUsers/ListUsers" status="PASSED">
         <system-out><![CDATA[2019-01-22 13:22:58 - [TEST_CASE][PASSED] - Test Cases/ListUsers/ListUsers: Test Cases/ListUsers/ListUsers

2019-01-22 13:22:58 - [TEST_STEP][PASSED] - response = sendRequestAndVerify(findTestObject("User/LIST USERS")): Send request and verify the response successfully

2019-01-22 13:22:59 - [TEST_CASE][PASSED] - Start Test Case : Verification: Verification accomplished successfully

2019-01-22 13:22:59 - [TEST_STEP][PASSED] - request = getInstance().getCurrentRequest(): null

2019-01-22 13:22:59 - [TEST_STEP][PASSED] - response = getInstance().getCurrentResponse(): null

2019-01-22 13:22:59 - [TEST_STEP][PASSED] - verifyElementPropertyValue(response, "data[1].first_name", "Charles"): Verify element property value successfully

2019-01-22 13:22:59 - [MESSAGE][PASSED] - Verify element property value successfully

2019-01-22 13:22:59 - [TEST_STEP][PASSED] - verifyElementPropertyValue(response, "page", 2): Verify element property value successfully

2019-01-22 13:22:59 - [MESSAGE][PASSED] - Verify element property value successfully

2019-01-22 13:22:59 - [MESSAGE][PASSED] - Verify response successfully

2019-01-22 13:22:59 - [MESSAGE][PASSED] - Send request and verify the response successfully

2019-01-22 13:22:59 - [TEST_STEP][PASSED] - verifyElementPropertyValue(response, firstNamePath, firstName): Verify element property value successfully

2019-01-22 13:22:59 - [MESSAGE][PASSED] - Verify element property value successfully

2019-01-22 13:22:59 - [TEST_STEP][PASSED] - verifyElementPropertyValue(response, lastnamePath, lastName): Verify element property value successfully

2019-01-22 13:22:59 - [MESSAGE][PASSED] - Verify element property value successfully]]></system-out>
         <system-err><![CDATA[]]></system-err>
      </testcase>
      <system-out><![CDATA[2019-01-22 13:22:50 - [TEST_SUITE][PASSED] - Listusers: Test Cases/ListUsers/ListUsers]]></system-out>
      <system-err><![CDATA[]]></system-err>
   </testsuite>
</testsuites>
